2024-11-27 00:01:37.958 INFO [api.stepDefinitions.Hooks:17] - *****************************************************************************************
2024-11-27 00:01:37.967 INFO [api.stepDefinitions.Hooks:18] - 	Scenario: Update and delete a New Client
2024-11-27 00:01:37.967 INFO [api.stepDefinitions.Hooks:19] - *****************************************************************************************
2024-11-27 00:01:39.404 INFO [api.stepDefinitions.ClientSteps:74] - Found at least 33 clients in the system
2024-11-27 00:01:40.593 INFO [api.stepDefinitions.ClientSteps:222] - New client with ID 34 was found in the list
2024-11-27 00:01:40.595 INFO [api.stepDefinitions.ClientSteps:223] - New client details: Client(name=Test Client, lastName=Test LastName, country=Test Country, city=Test City, email=test@test.com, phone=1234567890, id=34)
2024-11-27 00:01:41.103 INFO [api.stepDefinitions.ClientSteps:145] - Updated client with ID: 34
2024-11-27 00:01:41.104 INFO [api.stepDefinitions.ClientSteps:146] - Update response body: {"name":"Updated Name","lastName":"Updated LastName","country":"Updated Country","city":"Updated City","email":"updated@test.com","phone":"9876543210","id":"34"}
2024-11-27 00:01:41.105 INFO [api.stepDefinitions.ClientSteps:160] - Response status code is : 200
2024-11-27 00:01:41.123 INFO [api.stepDefinitions.Hooks:25] - *****************************************************************************************
2024-11-27 00:01:41.123 INFO [api.stepDefinitions.Hooks:26] - 	Scenario finished: Update and delete a New Client
2024-11-27 00:01:41.123 INFO [api.stepDefinitions.Hooks:27] - *****************************************************************************************
2024-11-27 00:05:38.730 INFO [api.stepDefinitions.Hooks:17] - *****************************************************************************************
2024-11-27 00:05:38.733 INFO [api.stepDefinitions.Hooks:18] - 	Scenario: Update and delete a New Client
2024-11-27 00:05:38.733 INFO [api.stepDefinitions.Hooks:19] - *****************************************************************************************
2024-11-27 00:05:40.096 INFO [api.stepDefinitions.ClientSteps:74] - Found at least 34 clients in the system
2024-11-27 00:05:41.286 INFO [api.stepDefinitions.ClientSteps:222] - New client with ID 35 was found in the list
2024-11-27 00:05:41.286 INFO [api.stepDefinitions.ClientSteps:223] - New client details: Client(name=Test Client, lastName=Test LastName, country=Test Country, city=Test City, email=test@test.com, phone=1234567890, id=35)
2024-11-27 00:05:41.777 INFO [api.stepDefinitions.ClientSteps:145] - Updated client with ID: 35
2024-11-27 00:05:41.777 INFO [api.stepDefinitions.ClientSteps:146] - Update response body: {"name":"Updated Name","lastName":"Updated LastName","country":"Updated Country","city":"Updated City","email":"updated@test.com","phone":"9876543210","id":"35"}
2024-11-27 00:05:41.778 INFO [api.stepDefinitions.ClientSteps:160] - Response status code is : 200
2024-11-27 00:05:41.783 INFO [api.stepDefinitions.ClientSteps:243] - Response body successfully validated against client schema
2024-11-27 00:05:41.786 INFO [api.stepDefinitions.Hooks:25] - *****************************************************************************************
2024-11-27 00:05:41.786 INFO [api.stepDefinitions.Hooks:26] - 	Scenario finished: Update and delete a New Client
2024-11-27 00:05:41.786 INFO [api.stepDefinitions.Hooks:27] - *****************************************************************************************
2024-11-27 00:09:45.723 INFO [api.stepDefinitions.Hooks:17] - *****************************************************************************************
2024-11-27 00:09:45.725 INFO [api.stepDefinitions.Hooks:18] - 	Scenario: Update and delete a New Client
2024-11-27 00:09:45.726 INFO [api.stepDefinitions.Hooks:19] - *****************************************************************************************
2024-11-27 00:09:47.109 INFO [api.stepDefinitions.ClientSteps:75] - Found at least 35 clients in the system
2024-11-27 00:09:48.290 INFO [api.stepDefinitions.ClientSteps:223] - New client with ID 36 was found in the list
2024-11-27 00:09:48.290 INFO [api.stepDefinitions.ClientSteps:224] - New client details: Client(name=Test Client, lastName=Test LastName, country=Test Country, city=Test City, email=test@test.com, phone=1234567890, id=36)
2024-11-27 00:09:48.785 INFO [api.stepDefinitions.ClientSteps:146] - Updated client with ID: 36
2024-11-27 00:09:48.785 INFO [api.stepDefinitions.ClientSteps:147] - Update response body: {"name":"Updated Name","lastName":"Updated LastName","country":"Updated Country","city":"Updated City","email":"updated@test.com","phone":"9876543210","id":"36"}
2024-11-27 00:09:48.786 INFO [api.stepDefinitions.ClientSteps:161] - Response status code is : 200
2024-11-27 00:09:48.790 INFO [api.stepDefinitions.ClientSteps:244] - Response body successfully validated against client schema
2024-11-27 00:09:48.828 INFO [api.stepDefinitions.ClientSteps:260] - Response body data matches the updated values
2024-11-27 00:09:48.828 INFO [api.stepDefinitions.ClientSteps:261] - Updated client data: {"name":"Updated Name","lastName":"Updated LastName","country":"Updated Country","city":"Updated City","email":"updated@test.com","phone":"9876543210","id":"36"}
2024-11-27 00:09:48.831 INFO [api.stepDefinitions.Hooks:25] - *****************************************************************************************
2024-11-27 00:09:48.831 INFO [api.stepDefinitions.Hooks:26] - 	Scenario finished: Update and delete a New Client
2024-11-27 00:09:48.831 INFO [api.stepDefinitions.Hooks:27] - *****************************************************************************************
2024-11-27 00:10:27.833 INFO [api.stepDefinitions.Hooks:17] - *****************************************************************************************
2024-11-27 00:10:27.835 INFO [api.stepDefinitions.Hooks:18] - 	Scenario: Update and delete a New Client
2024-11-27 00:10:27.835 INFO [api.stepDefinitions.Hooks:19] - *****************************************************************************************
2024-11-27 00:10:29.169 INFO [api.stepDefinitions.ClientSteps:75] - Found at least 36 clients in the system
2024-11-27 00:10:30.336 INFO [api.stepDefinitions.ClientSteps:223] - New client with ID 37 was found in the list
2024-11-27 00:10:30.337 INFO [api.stepDefinitions.ClientSteps:224] - New client details: Client(name=Test Client, lastName=Test LastName, country=Test Country, city=Test City, email=test@test.com, phone=1234567890, id=37)
2024-11-27 00:10:30.844 INFO [api.stepDefinitions.ClientSteps:146] - Updated client with ID: 37
2024-11-27 00:10:30.844 INFO [api.stepDefinitions.ClientSteps:147] - Update response body: {"name":"Updated Name","lastName":"Updated LastName","country":"Updated Country","city":"Updated City","email":"updated@test.com","phone":"9876543210","id":"37"}
2024-11-27 00:10:30.845 INFO [api.stepDefinitions.ClientSteps:161] - Response status code is : 200
2024-11-27 00:10:30.849 INFO [api.stepDefinitions.ClientSteps:244] - Response body successfully validated against client schema
2024-11-27 00:10:30.886 INFO [api.stepDefinitions.ClientSteps:260] - Response body data matches the updated values
2024-11-27 00:10:30.889 INFO [api.stepDefinitions.Hooks:25] - *****************************************************************************************
2024-11-27 00:10:30.889 INFO [api.stepDefinitions.Hooks:26] - 	Scenario finished: Update and delete a New Client
2024-11-27 00:10:30.889 INFO [api.stepDefinitions.Hooks:27] - *****************************************************************************************
2024-11-27 00:13:53.661 INFO [api.stepDefinitions.Hooks:17] - *****************************************************************************************
2024-11-27 00:13:53.663 INFO [api.stepDefinitions.Hooks:18] - 	Scenario: Update and delete a New Client
2024-11-27 00:13:53.663 INFO [api.stepDefinitions.Hooks:19] - *****************************************************************************************
2024-11-27 00:13:55.027 INFO [api.stepDefinitions.ClientSteps:75] - Found at least 37 clients in the system
2024-11-27 00:13:56.186 INFO [api.stepDefinitions.ClientSteps:223] - New client with ID 38 was found in the list
2024-11-27 00:13:56.187 INFO [api.stepDefinitions.ClientSteps:224] - New client details: Client(name=Test Client, lastName=Test LastName, country=Test Country, city=Test City, email=test@test.com, phone=1234567890, id=38)
2024-11-27 00:13:56.710 INFO [api.stepDefinitions.ClientSteps:146] - Updated client with ID: 38
2024-11-27 00:13:56.710 INFO [api.stepDefinitions.ClientSteps:147] - Update response body: {"name":"Updated Name","lastName":"Updated LastName","country":"Updated Country","city":"Updated City","email":"updated@test.com","phone":"9876543210","id":"38"}
2024-11-27 00:13:56.711 INFO [api.stepDefinitions.ClientSteps:161] - Response status code is : 200
2024-11-27 00:13:56.716 INFO [api.stepDefinitions.ClientSteps:244] - Response body successfully validated against client schema
2024-11-27 00:13:56.754 INFO [api.stepDefinitions.ClientSteps:260] - Response body data matches the updated values
2024-11-27 00:13:56.761 INFO [api.requests.ClientRequest:67] - DELETE Request URL: https://6743f860b4e2e04abea02a29.mockapi.io/Clients/38
2024-11-27 00:13:57.070 INFO [api.stepDefinitions.ClientSteps:270] - Deleted client with ID: 38
2024-11-27 00:13:57.071 INFO [api.stepDefinitions.ClientSteps:271] - Delete response status: 200
2024-11-27 00:13:57.071 INFO [api.stepDefinitions.Hooks:25] - *****************************************************************************************
2024-11-27 00:13:57.071 INFO [api.stepDefinitions.Hooks:26] - 	Scenario finished: Update and delete a New Client
2024-11-27 00:13:57.071 INFO [api.stepDefinitions.Hooks:27] - *****************************************************************************************
2024-11-27 00:14:59.250 INFO [api.stepDefinitions.Hooks:17] - *****************************************************************************************
2024-11-27 00:14:59.252 INFO [api.stepDefinitions.Hooks:18] - 	Scenario: Update and delete a New Client
2024-11-27 00:14:59.252 INFO [api.stepDefinitions.Hooks:19] - *****************************************************************************************
2024-11-27 00:15:00.663 INFO [api.stepDefinitions.ClientSteps:75] - Found at least 37 clients in the system
2024-11-27 00:15:01.829 INFO [api.stepDefinitions.ClientSteps:223] - New client with ID 38 was found in the list
2024-11-27 00:15:01.829 INFO [api.stepDefinitions.ClientSteps:224] - New client details: Client(name=Test Client, lastName=Test LastName, country=Test Country, city=Test City, email=test@test.com, phone=1234567890, id=38)
2024-11-27 00:15:02.357 INFO [api.stepDefinitions.ClientSteps:146] - Updated client with ID: 38
2024-11-27 00:15:02.358 INFO [api.stepDefinitions.ClientSteps:147] - Update response body: {"name":"Updated Name","lastName":"Updated LastName","country":"Updated Country","city":"Updated City","email":"updated@test.com","phone":"9876543210","id":"38"}
2024-11-27 00:15:02.359 INFO [api.stepDefinitions.ClientSteps:161] - Response status code is : 200
2024-11-27 00:15:02.363 INFO [api.stepDefinitions.ClientSteps:244] - Response body successfully validated against client schema
2024-11-27 00:15:02.400 INFO [api.stepDefinitions.ClientSteps:260] - Response body data matches the updated values
2024-11-27 00:15:02.406 INFO [api.requests.ClientRequest:67] - DELETE Request URL: https://6743f860b4e2e04abea02a29.mockapi.io/Clients/38
2024-11-27 00:15:02.729 INFO [api.stepDefinitions.ClientSteps:270] - Deleted client successful with ID: 38
2024-11-27 00:15:02.730 INFO [api.stepDefinitions.Hooks:25] - *****************************************************************************************
2024-11-27 00:15:02.730 INFO [api.stepDefinitions.Hooks:26] - 	Scenario finished: Update and delete a New Client
2024-11-27 00:15:02.730 INFO [api.stepDefinitions.Hooks:27] - *****************************************************************************************
2024-11-27 00:16:39.412 INFO [api.stepDefinitions.Hooks:17] - *****************************************************************************************
2024-11-27 00:16:39.415 INFO [api.stepDefinitions.Hooks:18] - 	Scenario: Update and delete a New Client
2024-11-27 00:16:39.415 INFO [api.stepDefinitions.Hooks:19] - *****************************************************************************************
2024-11-27 00:16:40.838 INFO [api.stepDefinitions.ClientSteps:75] - Found at least 37 clients in the system
2024-11-27 00:16:42.035 INFO [api.stepDefinitions.ClientSteps:223] - New client with ID 38 was found in the list
2024-11-27 00:16:42.036 INFO [api.stepDefinitions.ClientSteps:224] - New client details: Client(name=Test Client, lastName=Test LastName, country=Test Country, city=Test City, email=test@test.com, phone=1234567890, id=38)
2024-11-27 00:16:42.541 INFO [api.stepDefinitions.ClientSteps:146] - Updated client with ID: 38
2024-11-27 00:16:42.542 INFO [api.stepDefinitions.ClientSteps:147] - Update response body: {"name":"Updated Name","lastName":"Updated LastName","country":"Updated Country","city":"Updated City","email":"updated@test.com","phone":"9876543210","id":"38"}
2024-11-27 00:16:42.542 INFO [api.stepDefinitions.ClientSteps:161] - Response status code is : 200
2024-11-27 00:16:42.547 INFO [api.stepDefinitions.ClientSteps:244] - Response body successfully validated against client schema
2024-11-27 00:16:42.584 INFO [api.stepDefinitions.ClientSteps:260] - Response body data matches the updated values
2024-11-27 00:16:42.590 INFO [api.requests.ClientRequest:67] - DELETE Request URL: https://6743f860b4e2e04abea02a29.mockapi.io/Clients/38
2024-11-27 00:16:42.900 INFO [api.stepDefinitions.ClientSteps:270] - Deleted client successful with ID: 38
2024-11-27 00:16:42.901 INFO [api.stepDefinitions.Hooks:25] - *****************************************************************************************
2024-11-27 00:16:42.901 INFO [api.stepDefinitions.Hooks:26] - 	Scenario finished: Update and delete a New Client
2024-11-27 00:16:42.901 INFO [api.stepDefinitions.Hooks:27] - *****************************************************************************************
2024-11-27 00:20:14.714 INFO [api.stepDefinitions.Hooks:17] - *****************************************************************************************
2024-11-27 00:20:14.716 INFO [api.stepDefinitions.Hooks:18] - 	Scenario: Update and delete a New Client
2024-11-27 00:20:14.716 INFO [api.stepDefinitions.Hooks:19] - *****************************************************************************************
2024-11-27 00:20:16.099 INFO [api.stepDefinitions.ClientSteps:75] - Found at least 37 clients in the system
2024-11-27 00:20:17.268 INFO [api.stepDefinitions.ClientSteps:223] - New client with ID 38 was found in the list
2024-11-27 00:20:17.268 INFO [api.stepDefinitions.ClientSteps:224] - New client details: Client(name=Test Client, lastName=Test LastName, country=Test Country, city=Test City, email=test@test.com, phone=1234567890, id=38)
2024-11-27 00:20:17.777 INFO [api.stepDefinitions.ClientSteps:144] - Updated client with ID: 38
2024-11-27 00:20:17.777 INFO [api.stepDefinitions.ClientSteps:145] - Updated parameter: city with new value
2024-11-27 00:20:17.777 INFO [api.stepDefinitions.ClientSteps:146] - Update response body: {"name":"Test Client","lastName":"Test LastName","country":"Test Country","city":"Updated city","email":"test@test.com","phone":"1234567890","id":"38"}
2024-11-27 00:20:17.778 INFO [api.stepDefinitions.ClientSteps:161] - Response status code is : 200
2024-11-27 00:20:17.782 INFO [api.stepDefinitions.ClientSteps:244] - Response body successfully validated against client schema
2024-11-27 00:20:17.793 INFO [api.stepDefinitions.Hooks:25] - *****************************************************************************************
2024-11-27 00:20:17.794 INFO [api.stepDefinitions.Hooks:26] - 	Scenario finished: Update and delete a New Client
2024-11-27 00:20:17.794 INFO [api.stepDefinitions.Hooks:27] - *****************************************************************************************
2024-11-27 00:25:22.763 INFO [api.stepDefinitions.Hooks:17] - *****************************************************************************************
2024-11-27 00:25:22.765 INFO [api.stepDefinitions.Hooks:18] - 	Scenario: Update and delete a New Client
2024-11-27 00:25:22.765 INFO [api.stepDefinitions.Hooks:19] - *****************************************************************************************
2024-11-27 00:25:24.138 INFO [api.stepDefinitions.ClientSteps:77] - Found at least 38 clients in the system
2024-11-27 00:25:25.304 INFO [api.stepDefinitions.ClientSteps:221] - New client with ID 39 was found in the list
2024-11-27 00:25:25.304 INFO [api.stepDefinitions.ClientSteps:222] - New client details: Client(name=Test Client, lastName=Test LastName, country=Test Country, city=Test City, email=test@test.com, phone=1234567890, id=39)
2024-11-27 00:25:25.628 INFO [api.stepDefinitions.ClientSteps:144] - Updated field 'lastName' with value 'Updated lastName'
2024-11-27 00:25:25.629 INFO [api.stepDefinitions.ClientSteps:159] - Response status code is : 200
2024-11-27 00:25:25.804 INFO [api.stepDefinitions.ClientSteps:242] - Response body successfully validated against client schema
2024-11-27 00:25:25.812 INFO [api.stepDefinitions.ClientSteps:253] - Verified that field 'lastName' was updated to 'Updated lastName'
2024-11-27 00:25:25.818 INFO [api.requests.ClientRequest:67] - DELETE Request URL: https://6743f860b4e2e04abea02a29.mockapi.io/Clients/39
2024-11-27 00:25:26.140 INFO [api.stepDefinitions.ClientSteps:263] - Deleted client successful with ID: 39
2024-11-27 00:25:26.141 INFO [api.stepDefinitions.Hooks:25] - *****************************************************************************************
2024-11-27 00:25:26.141 INFO [api.stepDefinitions.Hooks:26] - 	Scenario finished: Update and delete a New Client
2024-11-27 00:25:26.141 INFO [api.stepDefinitions.Hooks:27] - *****************************************************************************************
2024-11-27 00:26:09.569 INFO [api.stepDefinitions.Hooks:17] - *****************************************************************************************
2024-11-27 00:26:09.571 INFO [api.stepDefinitions.Hooks:18] - 	Scenario: Update and delete a New Client
2024-11-27 00:26:09.572 INFO [api.stepDefinitions.Hooks:19] - *****************************************************************************************
2024-11-27 00:26:10.960 INFO [api.stepDefinitions.ClientSteps:77] - Found at least 38 clients in the system
2024-11-27 00:26:12.119 INFO [api.stepDefinitions.ClientSteps:221] - New client with ID 39 was found in the list
2024-11-27 00:26:12.119 INFO [api.stepDefinitions.ClientSteps:222] - New client details: Client(name=Test Client, lastName=Test LastName, country=Test Country, city=Test City, email=test@test.com, phone=1234567890, id=39)
2024-11-27 00:26:12.449 INFO [api.stepDefinitions.ClientSteps:144] - Updated field 'lastName' with value 'Updated lastName'
2024-11-27 00:26:12.450 INFO [api.stepDefinitions.ClientSteps:159] - Response status code is : 200
2024-11-27 00:26:12.625 INFO [api.stepDefinitions.ClientSteps:242] - Response body successfully validated against client schema
2024-11-27 00:26:12.632 INFO [api.stepDefinitions.ClientSteps:253] - Verified that field 'lastName' was updated to 'Updated lastName'
2024-11-27 00:26:12.639 INFO [api.requests.ClientRequest:67] - DELETE Request URL: https://6743f860b4e2e04abea02a29.mockapi.io/Clients/39
2024-11-27 00:26:12.963 INFO [api.stepDefinitions.ClientSteps:263] - Deleted client successful with ID: 39
2024-11-27 00:26:12.963 INFO [api.stepDefinitions.Hooks:25] - *****************************************************************************************
2024-11-27 00:26:12.963 INFO [api.stepDefinitions.Hooks:26] - 	Scenario finished: Update and delete a New Client
2024-11-27 00:26:12.964 INFO [api.stepDefinitions.Hooks:27] - *****************************************************************************************
2024-11-27 00:26:21.769 INFO [api.stepDefinitions.Hooks:17] - *****************************************************************************************
2024-11-27 00:26:21.771 INFO [api.stepDefinitions.Hooks:18] - 	Scenario: Update and delete a New Client
2024-11-27 00:26:21.771 INFO [api.stepDefinitions.Hooks:19] - *****************************************************************************************
2024-11-27 00:26:23.091 INFO [api.stepDefinitions.ClientSteps:77] - Found at least 38 clients in the system
2024-11-27 00:26:24.263 INFO [api.stepDefinitions.ClientSteps:221] - New client with ID 39 was found in the list
2024-11-27 00:26:24.263 INFO [api.stepDefinitions.ClientSteps:222] - New client details: Client(name=Test Client, lastName=Test LastName, country=Test Country, city=Test City, email=test@test.com, phone=1234567890, id=39)
2024-11-27 00:26:24.594 INFO [api.stepDefinitions.ClientSteps:144] - Updated field 'phone' with value 'Updated phone'
2024-11-27 00:26:24.595 INFO [api.stepDefinitions.ClientSteps:159] - Response status code is : 200
2024-11-27 00:26:24.769 INFO [api.stepDefinitions.ClientSteps:242] - Response body successfully validated against client schema
2024-11-27 00:26:24.777 INFO [api.stepDefinitions.ClientSteps:253] - Verified that field 'phone' was updated to 'Updated phone'
2024-11-27 00:26:24.784 INFO [api.requests.ClientRequest:67] - DELETE Request URL: https://6743f860b4e2e04abea02a29.mockapi.io/Clients/39
2024-11-27 00:26:25.110 INFO [api.stepDefinitions.ClientSteps:263] - Deleted client successful with ID: 39
2024-11-27 00:26:25.111 INFO [api.stepDefinitions.Hooks:25] - *****************************************************************************************
2024-11-27 00:26:25.111 INFO [api.stepDefinitions.Hooks:26] - 	Scenario finished: Update and delete a New Client
2024-11-27 00:26:25.111 INFO [api.stepDefinitions.Hooks:27] - *****************************************************************************************
2024-11-27 00:27:28.347 INFO [api.stepDefinitions.Hooks:17] - *****************************************************************************************
2024-11-27 00:27:28.349 INFO [api.stepDefinitions.Hooks:18] - 	Scenario: Update and delete a New Client
2024-11-27 00:27:28.350 INFO [api.stepDefinitions.Hooks:19] - *****************************************************************************************
2024-11-27 00:27:29.726 INFO [api.stepDefinitions.ClientSteps:77] - Found at least 38 clients in the system
2024-11-27 00:27:30.897 INFO [api.stepDefinitions.ClientSteps:221] - New client with ID 39 was found in the list
2024-11-27 00:27:30.897 INFO [api.stepDefinitions.ClientSteps:222] - New client details: Client(name=Test Client, lastName=Test LastName, country=Test Country, city=Test City, email=test@test.com, phone=1234567890, id=39)
2024-11-27 00:27:31.227 INFO [api.stepDefinitions.ClientSteps:144] - Updated field 'city' with value 'Updated city'
2024-11-27 00:27:31.228 INFO [api.stepDefinitions.ClientSteps:159] - Response status code is : 200
2024-11-27 00:27:31.403 INFO [api.stepDefinitions.ClientSteps:242] - Response body successfully validated against client schema
2024-11-27 00:27:31.411 INFO [api.stepDefinitions.ClientSteps:253] - Verified that field 'city' was updated to 'Updated city'
2024-11-27 00:27:31.418 INFO [api.requests.ClientRequest:67] - DELETE Request URL: https://6743f860b4e2e04abea02a29.mockapi.io/Clients/39
2024-11-27 00:27:31.739 INFO [api.stepDefinitions.ClientSteps:263] - Deleted client successful with ID: 39
2024-11-27 00:27:31.739 INFO [api.stepDefinitions.Hooks:25] - *****************************************************************************************
2024-11-27 00:27:31.739 INFO [api.stepDefinitions.Hooks:26] - 	Scenario finished: Update and delete a New Client
2024-11-27 00:27:31.739 INFO [api.stepDefinitions.Hooks:27] - *****************************************************************************************
2024-11-27 20:11:54.937 INFO [api.stepDefinitions.Hooks:17] - *****************************************************************************************
2024-11-27 20:11:54.940 INFO [api.stepDefinitions.Hooks:18] - 	Scenario: Update and delete a New Client
2024-11-27 20:11:54.940 INFO [api.stepDefinitions.Hooks:19] - *****************************************************************************************
2024-11-27 20:11:57.307 INFO [api.stepDefinitions.ClientSteps:77] - Found at least 38 clients in the system
2024-11-27 20:11:58.582 INFO [api.stepDefinitions.ClientSteps:221] - New client with ID 39 was found in the list
2024-11-27 20:11:58.582 INFO [api.stepDefinitions.ClientSteps:222] - New client details: Client(name=Test Client, lastName=Test LastName, country=Test Country, city=Test City, email=test@test.com, phone=1234567890, id=39)
2024-11-27 20:11:58.912 INFO [api.stepDefinitions.ClientSteps:144] - Updated field 'country' with value 'Updated country'
2024-11-27 20:11:58.913 INFO [api.stepDefinitions.ClientSteps:159] - Response status code is : 200
2024-11-27 20:11:59.136 INFO [api.stepDefinitions.ClientSteps:242] - Response body successfully validated against client schema
2024-11-27 20:11:59.145 INFO [api.stepDefinitions.ClientSteps:253] - Verified that field 'country' was updated to 'Updated country'
2024-11-27 20:11:59.154 INFO [api.requests.ClientRequest:67] - DELETE Request URL: https://6743f860b4e2e04abea02a29.mockapi.io/Clients/39
2024-11-27 20:11:59.510 INFO [api.stepDefinitions.ClientSteps:263] - Deleted client successful with ID: 39
2024-11-27 20:11:59.511 INFO [api.stepDefinitions.Hooks:25] - *****************************************************************************************
2024-11-27 20:11:59.511 INFO [api.stepDefinitions.Hooks:26] - 	Scenario finished: Update and delete a New Client
2024-11-27 20:11:59.511 INFO [api.stepDefinitions.Hooks:27] - *****************************************************************************************
